==============================================================================
Tasks :: Order robots from RobotSpareBin Industries Inc. Save the order htm...
==============================================================================
Order robots from RobotSpareBin Industries Inc                        Capturing Screenshot to c:\Users\Shree\Desktop\my-second-robot\my-second-robot\image_files\RSB-ROBO-ORDER-133MVDV9SVXC.png
Printing RSB-ROBO-ORDER-133MVDV9SVXC
Printing Embedding image c:\Users\Shree\Desktop\my-second-robot\my-second-robot\image_files\RSB-ROBO-ORDER-133MVDV9SVXC.png in pdf file c:\Users\Shree\Desktop\my-second-robot\my-second-robot\pdf_files\RSB-ROBO-ORDER-133MVDV9SVXC.pdf
Capturing Screenshot to c:\Users\Shree\Desktop\my-second-robot\my-second-robot\image_files\RSB-ROBO-ORDER-NON8PRTHJJ.png
Printing RSB-ROBO-ORDER-NON8PRTHJJ
Printing Embedding image c:\Users\Shree\Desktop\my-second-robot\my-second-robot\image_files\RSB-ROBO-ORDER-NON8PRTHJJ.png in pdf file c:\Users\Shree\Desktop\my-second-robot\my-second-robot\pdf_files\RSB-ROBO-ORDER-NON8PRTHJJ.pdf
Capturing Screenshot to c:\Users\Shree\Desktop\my-second-robot\my-second-robot\image_files\RSB-ROBO-ORDER-VELFDHTRIB.png
Printing RSB-ROBO-ORDER-VELFDHTRIB
Printing Embedding image c:\Users\Shree\Desktop\my-second-robot\my-second-robot\image_files\RSB-ROBO-ORDER-VELFDHTRIB.png in pdf file c:\Users\Shree\Desktop\my-second-robot\my-second-robot\pdf_files\RSB-ROBO-ORDER-VELFDHTRIB.pdf
Capturing Screenshot to c:\Users\Shree\Desktop\my-second-robot\my-second-robot\image_files\RSB-ROBO-ORDER-5XJTFQDGKM.png
Printing RSB-ROBO-ORDER-5XJTFQDGKM
Printing Embedding image c:\Users\Shree\Desktop\my-second-robot\my-second-robot\image_files\RSB-ROBO-ORDER-5XJTFQDGKM.png in pdf file c:\Users\Shree\Desktop\my-second-robot\my-second-robot\pdf_files\RSB-ROBO-ORDER-5XJTFQDGKM.pdf
Capturing Screenshot to c:\Users\Shree\Desktop\my-second-robot\my-second-robot\image_files\RSB-ROBO-ORDER-ONZ4XAQE1N.png
Printing RSB-ROBO-ORDER-ONZ4XAQE1N
Printing Embedding image c:\Users\Shree\Desktop\my-second-robot\my-second-robot\image_files\RSB-ROBO-ORDER-ONZ4XAQE1N.png in pdf file c:\Users\Shree\Desktop\my-second-robot\my-second-robot\pdf_files\RSB-ROBO-ORDER-ONZ4XAQE1N.pdf
Capturing Screenshot to c:\Users\Shree\Desktop\my-second-robot\my-second-robot\image_files\RSB-ROBO-ORDER-WVP3UYPV3D.png
Printing RSB-ROBO-ORDER-WVP3UYPV3D
Printing Embedding image c:\Users\Shree\Desktop\my-second-robot\my-second-robot\image_files\RSB-ROBO-ORDER-WVP3UYPV3D.png in pdf file c:\Users\Shree\Desktop\my-second-robot\my-second-robot\pdf_files\RSB-ROBO-ORDER-WVP3UYPV3D.pdf
Capturing Screenshot to c:\Users\Shree\Desktop\my-second-robot\my-second-robot\image_files\RSB-ROBO-ORDER-5ZWKLMCN5F.png
Printing RSB-ROBO-ORDER-5ZWKLMCN5F
Printing Embedding image c:\Users\Shree\Desktop\my-second-robot\my-second-robot\image_files\RSB-ROBO-ORDER-5ZWKLMCN5F.png in pdf file c:\Users\Shree\Desktop\my-second-robot\my-second-robot\pdf_files\RSB-ROBO-ORDER-5ZWKLMCN5F.pdf
Capturing Screenshot to c:\Users\Shree\Desktop\my-second-robot\my-second-robot\image_files\RSB-ROBO-ORDER-80Q50M8Q75.png
Printing RSB-ROBO-ORDER-80Q50M8Q75
Printing Embedding image c:\Users\Shree\Desktop\my-second-robot\my-second-robot\image_files\RSB-ROBO-ORDER-80Q50M8Q75.png in pdf file c:\Users\Shree\Desktop\my-second-robot\my-second-robot\pdf_files\RSB-ROBO-ORDER-80Q50M8Q75.pdf
Capturing Screenshot to c:\Users\Shree\Desktop\my-second-robot\my-second-robot\image_files\RSB-ROBO-ORDER-JN6T0Y707.png
Printing RSB-ROBO-ORDER-JN6T0Y707
Printing Embedding image c:\Users\Shree\Desktop\my-second-robot\my-second-robot\image_files\RSB-ROBO-ORDER-JN6T0Y707.png in pdf file c:\Users\Shree\Desktop\my-second-robot\my-second-robot\pdf_files\RSB-ROBO-ORDER-JN6T0Y707.pdf
Capturing Screenshot to c:\Users\Shree\Desktop\my-second-robot\my-second-robot\image_files\RSB-ROBO-ORDER-J22LDFHRU.png
Printing RSB-ROBO-ORDER-J22LDFHRU
Printing Embedding image c:\Users\Shree\Desktop\my-second-robot\my-second-robot\image_files\RSB-ROBO-ORDER-J22LDFHRU.png in pdf file c:\Users\Shree\Desktop\my-second-robot\my-second-robot\pdf_files\RSB-ROBO-ORDER-J22LDFHRU.pdf
Capturing Screenshot to c:\Users\Shree\Desktop\my-second-robot\my-second-robot\image_files\RSB-ROBO-ORDER-OWKI8FOHRS.png
Printing RSB-ROBO-ORDER-OWKI8FOHRS
Printing Embedding image c:\Users\Shree\Desktop\my-second-robot\my-second-robot\image_files\RSB-ROBO-ORDER-OWKI8FOHRS.png in pdf file c:\Users\Shree\Desktop\my-second-robot\my-second-robot\pdf_files\RSB-ROBO-ORDER-OWKI8FOHRS.pdf
Capturing Screenshot to c:\Users\Shree\Desktop\my-second-robot\my-second-robot\image_files\RSB-ROBO-ORDER-V40B5EZH9R.png
Printing RSB-ROBO-ORDER-V40B5EZH9R
Printing Embedding image c:\Users\Shree\Desktop\my-second-robot\my-second-robot\image_files\RSB-ROBO-ORDER-V40B5EZH9R.png in pdf file c:\Users\Shree\Desktop\my-second-robot\my-second-robot\pdf_files\RSB-ROBO-ORDER-V40B5EZH9R.pdf
Capturing Screenshot to c:\Users\Shree\Desktop\my-second-robot\my-second-robot\image_files\RSB-ROBO-ORDER-E8RV97VL0M.png
Printing RSB-ROBO-ORDER-E8RV97VL0M
Printing Embedding image c:\Users\Shree\Desktop\my-second-robot\my-second-robot\image_files\RSB-ROBO-ORDER-E8RV97VL0M.png in pdf file c:\Users\Shree\Desktop\my-second-robot\my-second-robot\pdf_files\RSB-ROBO-ORDER-E8RV97VL0M.pdf
Capturing Screenshot to c:\Users\Shree\Desktop\my-second-robot\my-second-robot\image_files\RSB-ROBO-ORDER-PGEYFC4BE.png
Printing RSB-ROBO-ORDER-PGEYFC4BE
Printing Embedding image c:\Users\Shree\Desktop\my-second-robot\my-second-robot\image_files\RSB-ROBO-ORDER-PGEYFC4BE.png in pdf file c:\Users\Shree\Desktop\my-second-robot\my-second-robot\pdf_files\RSB-ROBO-ORDER-PGEYFC4BE.pdf
Capturing Screenshot to c:\Users\Shree\Desktop\my-second-robot\my-second-robot\image_files\RSB-ROBO-ORDER-NKIS5LMHC7.png
Printing RSB-ROBO-ORDER-NKIS5LMHC7
Printing Embedding image c:\Users\Shree\Desktop\my-second-robot\my-second-robot\image_files\RSB-ROBO-ORDER-NKIS5LMHC7.png in pdf file c:\Users\Shree\Desktop\my-second-robot\my-second-robot\pdf_files\RSB-ROBO-ORDER-NKIS5LMHC7.pdf
Capturing Screenshot to c:\Users\Shree\Desktop\my-second-robot\my-second-robot\image_files\RSB-ROBO-ORDER-XFVQ6QQ2RC.png
Printing RSB-ROBO-ORDER-XFVQ6QQ2RC
Printing Embedding image c:\Users\Shree\Desktop\my-second-robot\my-second-robot\image_files\RSB-ROBO-ORDER-XFVQ6QQ2RC.png in pdf file c:\Users\Shree\Desktop\my-second-robot\my-second-robot\pdf_files\RSB-ROBO-ORDER-XFVQ6QQ2RC.pdf
Capturing Screenshot to c:\Users\Shree\Desktop\my-second-robot\my-second-robot\image_files\RSB-ROBO-ORDER-VSBBRIXPX8.png
Printing RSB-ROBO-ORDER-VSBBRIXPX8
Printing Embedding image c:\Users\Shree\Desktop\my-second-robot\my-second-robot\image_files\RSB-ROBO-ORDER-VSBBRIXPX8.png in pdf file c:\Users\Shree\Desktop\my-second-robot\my-second-robot\pdf_files\RSB-ROBO-ORDER-VSBBRIXPX8.pdf
Capturing Screenshot to c:\Users\Shree\Desktop\my-second-robot\my-second-robot\image_files\RSB-ROBO-ORDER-K4BVFBD2K4H.png
Printing RSB-ROBO-ORDER-K4BVFBD2K4H
Printing Embedding image c:\Users\Shree\Desktop\my-second-robot\my-second-robot\image_files\RSB-ROBO-ORDER-K4BVFBD2K4H.png in pdf file c:\Users\Shree\Desktop\my-second-robot\my-second-robot\pdf_files\RSB-ROBO-ORDER-K4BVFBD2K4H.pdf
Capturing Screenshot to c:\Users\Shree\Desktop\my-second-robot\my-second-robot\image_files\RSB-ROBO-ORDER-WN0PJQIUU.png
Printing RSB-ROBO-ORDER-WN0PJQIUU
Printing Embedding image c:\Users\Shree\Desktop\my-second-robot\my-second-robot\image_files\RSB-ROBO-ORDER-WN0PJQIUU.png in pdf file c:\Users\Shree\Desktop\my-second-robot\my-second-robot\pdf_files\RSB-ROBO-ORDER-WN0PJQIUU.pdf
Capturing Screenshot to c:\Users\Shree\Desktop\my-second-robot\my-second-robot\image_files\RSB-ROBO-ORDER-J7FV5C9FX2.png
Printing RSB-ROBO-ORDER-J7FV5C9FX2
Printing Embedding image c:\Users\Shree\Desktop\my-second-robot\my-second-robot\image_files\RSB-ROBO-ORDER-J7FV5C9FX2.png in pdf file c:\Users\Shree\Desktop\my-second-robot\my-second-robot\pdf_files\RSB-ROBO-ORDER-J7FV5C9FX2.pdf
| PASS |
------------------------------------------------------------------------------
Tasks :: Order robots from RobotSpareBin Industries Inc. Save the ... | PASS |
1 task, 1 passed, 0 failed
==============================================================================
Output:  c:\Users\Shree\Desktop\my-second-robot\my-second-robot\output\output.xml
Log:     c:\Users\Shree\Desktop\my-second-robot\my-second-robot\output\log.html
